make all --print-data-base --no-builtin-variables --no-builtin-rules --question
# GNU Make 4.1
# Built for x86_64-pc-linux-gnu
# Copyright (C) 1988-2014 Free Software Foundation, Inc.
# License GPLv3+: GNU GPL version 3 or later <http://gnu.org/licenses/gpl.html>
# This is free software: you are free to change and redistribute it.
# There is NO WARRANTY, to the extent permitted by law.

# Make data base, printed on Tue Dec 28 15:00:05 2021

# Variables

 
# automatic
<D = $(patsubst %/,%,$(dir $<))
# automatic
?F = $(notdir $?)
# default
.SHELLFLAGS := -c
# environment
VSCODE_AGENT_FOLDER = /home/zac/.vscode-server
# makefile (from 'Makefile', line 21)
SRC := src
# environment
VSCODE_LOG_NATIVE = false
# automatic
?D = $(patsubst %/,%,$(dir $?))
# makefile (from 'Makefile', line 48)
INCLUDES := -Iinclude
# automatic
@D = $(patsubst %/,%,$(dir $@))
# automatic
@F = $(notdir $@)
# default
MAKE_VERSION := 4.1
# makefile
CURDIR := /home/zac/final_project
# makefile
SHELL = /bin/sh
# makefile (from 'Makefile', line 43)
RM = rm -f
# environment
VSCODE_NLS_CONFIG = {"locale":"en","availableLanguages":{}}
# environment
_ = /home/zac/.vscode-server/bin/899d46d82c4c95423fb7e10e68eba52050e30ba3/node
# makefile (from 'Makefile', line 10)
CFLAGS := -Wall -Wextra -g -pthread -std=c11
# makefile (from 'Makefile', line 1)
MAKEFILE_LIST :=  Makefile
# 'override' directive
GNUMAKEFLAGS := 
# makefile (from 'Makefile', line 54)
SOURCES := src/dummy_MQTT.c src/executor.c src/scheduler.c src/processor.c src/main.c src/tboard.c src/sequencer.c src/timer.c src/history.c src/tests/pure_coro_test.c src/tests/test1_mutliple_task_types.c src/tests/test2_Collatz.c src/tests/test6_blocking_tasks.c src/tests/test4_MQTT.c src/tests/test3_smalltasks.c src/tests/test5_several_types.c src/queue/queue.c
# environment
XDG_DATA_DIRS = /usr/local/share:/usr/share:/var/lib/snapd/desktop
# environment
VSCODE_VERBOSE_LOGGING = true
# environment
LESSOPEN = | /usr/bin/lesspipe %s
# environment
VSCODE_CWD = /home/zac
# environment
SSH_CONNECTION = 192.168.2.56 50682 192.168.2.91 22
# environment
PATH = /home/zac/.vscode-server/bin/899d46d82c4c95423fb7e10e68eba52050e30ba3/bin:/home/zac/.vscode-server/bin/899d46d82c4c95423fb7e10e68eba52050e30ba3/bin:/usr/local/sbin:/usr/local/bin:/usr/sbin:/usr/bin:/sbin:/bin:/usr/games:/usr/local/games:/snap/bin
# makefile (from 'Makefile', line 44)
MD := mkdir -p
# environment
XDG_RUNTIME_DIR = /run/user/1000
# makefile (from 'Makefile', line 41)
LIBDIRS := lib
# environment
VSCODE_LOG_STACK = false
# makefile (from 'Makefile', line 27)
LIB := lib
# default
.FEATURES := target-specific order-only second-expansion else-if shortest-stem undefine oneshell archives jobserver output-sync check-symlink load
# environment
LS_COLORS = 
# automatic
%F = $(notdir $%)
# environment
VSCODE_PIPE_LOGGING = true
# environment
PWD = /home/zac/final_project
# makefile (from 'Makefile', line 65)
OUTPUTMAIN := output/main
# environment
VSCODE_IPC_HOOK_CLI = /run/user/1000/vscode-ipc-c2350ebf-081a-4fd2-a51b-9dc92a9ca35f.sock
# automatic
*D = $(patsubst %/,%,$(dir $*))
# environment
VSCODE_AMD_ENTRYPOINT = vs/server/remoteExtensionHostProcess
# environment
HOME = /home/zac
# environment
LESSCLOSE = /usr/bin/lesspipe %s %s
# environment
LOGNAME = zac
# environment
APPLICATION_INSIGHTS_NO_DIAGNOSTIC_CHANNEL = true
# automatic
+F = $(notdir $+)
# makefile (from 'Makefile', line 40)
INCLUDEDIRS := include
# environment
VSCODE_HANDLES_UNCAUGHT_ERRORS = true
# automatic
^D = $(patsubst %/,%,$(dir $^))
# environment
MAKELEVEL := 0
# default
MAKE = $(MAKE_COMMAND)
# default
MAKECMDGOALS := all
# environment
SHLVL = 3
# makefile (from 'Makefile', line 42)
FIXPATH = $1
# makefile (from 'Makefile', line 7)
CC = gcc
# environment
XDG_SESSION_ID = 1
# environment
USER = zac
# makefile
.DEFAULT_GOAL := all
# makefile (from 'Makefile', line 24)
INCLUDE := include
# makefile (from 'Makefile', line 39)
SOURCEDIRS := src src/tests src/queue
# automatic
%D = $(patsubst %/,%,$(dir $%))
# makefile (from 'Makefile', line 15)
LFLAGS = -lm
# default
MAKE_COMMAND := make
# default
.VARIABLES := 
# automatic
*F = $(notdir $*)
# makefile
MAKEFLAGS = pqrR
# environment
MFLAGS = -pqrR
# environment
SSH_CLIENT = 192.168.2.56 50682 22
# environment
MAIL = /var/mail/zac
# makefile (from 'Makefile', line 38)
MAIN := main
# automatic
+D = $(patsubst %/,%,$(dir $+))
# environment
BROWSER = /home/zac/.vscode-server/bin/899d46d82c4c95423fb7e10e68eba52050e30ba3/bin/helpers/browser.sh
# makefile (from 'Makefile', line 18)
OUTPUT := output
# default
MAKEFILES := 
# automatic
<F = $(notdir $<)
# environment
LC_ALL = C
# makefile (from 'Makefile', line 51)
LIBS := -Llib
# automatic
^F = $(notdir $^)
# default
SUFFIXES := 
# default
.INCLUDE_DIRS = /usr/include /usr/local/include /usr/include
# environment
VSCODE_INJECT_NODE_MODULE_LOOKUP_PATH = /home/zac/.vscode-server/bin/899d46d82c4c95423fb7e10e68eba52050e30ba3/remote/node_modules
# default
.RECIPEPREFIX := 
# makefile (from 'Makefile', line 57)
 
OBJECTS := src/dummy_MQTT.o src/executor.o src/scheduler.o src/processor.o src/main.o src/tboard.o src/sequencer.o src/timer.o src/history.o src/tests/pure_coro_test.o src/tests/test1_mutliple_task_types.o src/tests/test2_Collatz.o src/tests/test6_blocking_tasks.o src/tests/test4_MQTT.o src/tests/test3_smalltasks.o src/tests/test5_several_types.o src/queue/queue.o
# default
MAKE_HOST := x86_64-pc-linux-gnu
# environment
LANG = C
# environment
VSCODE_EXTHOST_WILL_SEND_SOCKET = true
# variable set hash-table stats:
# Load=85/1024=8%, Rehash=0, Collisions=9/146=6%

# Pattern-specific Variable Values

# No pattern-specific variable values.

# Directories

# src/queue (device 2050, inode 536795): 5 files, no impossibilities.
# . (device 2050, inode 532332): 11 files, no impossibilities.
# src/tests (device 2050, inode 551401): 17 files, no impossibilities.
# src (device 2050, inode 551332): 31 files, no impossibilities.

# 64 files, no impossibilities in 4 directories.

# Implicit Rules

# No implicit rules.

# Files

# Not a target:
src/tboard.o:
#  Implicit rule search has been done.
#  Last modified 2021-12-28 14:59:57.425398118
#  File has been updated.
#  Successfully updated.

# Not a target:
src/processor.o:
#  Implicit rule search has been done.
#  Last modified 2021-12-28 14:59:57.333399121
#  File has been updated.
#  Successfully updated.

# Not a target:
src/executor.o:
#  Implicit rule search has been done.
#  Last modified 2021-12-28 14:59:57.309399383
#  File has been updated.
#  Successfully updated.

all: output main
#  Command line target.
#  Implicit rule search has not been done.
#  File does not exist.
#  File has been updated.
#  Needs to be updated (-q is set).
# variable set hash-table stats:
# Load=0/32=0%, Rehash=0, Collisions=0/10=0%
#  recipe to execute (from 'Makefile', line 68):
	@echo Executing 'all' complete!

.PHONY: clean
#  Implicit rule search has not been done.
#  Modification time never checked.
#  File has not been updated.

# Not a target:
src/sequencer.o:
#  Implicit rule search has been done.
#  Last modified 2021-12-28 14:59:57.445397899
#  File has been updated.
#  Successfully updated.

# Not a target:
src/main.o:
#  Implicit rule search has been done.
#  Last modified 2021-12-28 14:59:57.377398641
#  File has been updated.
#  Successfully updated.

# Not a target:
src/tests/test2_Collatz.o:
#  Implicit rule search has been done.
#  Last modified 2021-12-28 14:59:57.501397289
#  File has been updated.
#  Successfully updated.

# Not a target:
src/scheduler.o:
#  Implicit rule search has been done.
#  Last modified 2021-12-28 14:59:57.313399339
#  File has been updated.
#  Successfully updated.

# Not a target:
src/history.o:
#  Implicit rule search has been done.
#  Last modified 2021-12-28 14:59:57.481397507
#  File has been updated.
#  Successfully updated.

# Not a target:
.SUFFIXES:
#  Implicit rule search has not been done.
#  Modification time never checked.
#  File has not been updated.

# Not a target:
Makefile:
#  Implicit rule search has been done.
#  Last modified 2021-12-28 14:59:55.153422895
#  File has been updated.
#  Successfully updated.

# Not a target:
src/tests/test6_blocking_tasks.o:
#  Implicit rule search has been done.
#  Last modified 2021-12-28 14:59:57.525397027
#  File has been updated.
#  Successfully updated.

.c.o:
#  Implicit rule search has not been done.
#  Modification time never checked.
#  File has not been updated.
#  recipe to execute (from 'Makefile', line 81):
	$(CC) $(CFLAGS) $(INCLUDES) -c $<  -o $@

# Not a target:
src/dummy_MQTT.o:
#  Implicit rule search has been done.
#  Last modified 2021-12-28 14:59:57.361398815
#  File has been updated.
#  Successfully updated.

# Not a target:
src/tests/test1_mutliple_task_types.o:
#  Implicit rule search has been done.
 
#  Last modified 2021-12-28 14:59:57.497397332
#  File has been updated.
#  Successfully updated.

# Not a target:
.DEFAULT:
#  Implicit rule search has not been done.
#  Modification time never checked.
#  File has not been updated.

# Not a target:
src/tests/test3_smalltasks.o:
#  Implicit rule search has been done.
#  Last modified 2021-12-28 14:59:57.541396853
#  File has been updated.
#  Successfully updated.

# Not a target:
src/queue/queue.o:
#  Implicit rule search has been done.
#  Last modified 2021-12-28 14:59:57.561396634
#  File has been updated.
#  Successfully updated.

run: all
#  Implicit rule search has not been done.
#  Modification time never checked.
#  File has not been updated.
#  recipe to execute (from 'Makefile', line 90):
	./$(OUTPUTMAIN)
	@echo Executing 'run: all' complete!

clean:
#  Phony target (prerequisite of .PHONY).
#  Implicit rule search has not been done.
#  File does not exist.
#  File has not been updated.
#  recipe to execute (from 'Makefile', line 85):
	$(RM) $(OUTPUTMAIN)
	$(RM) $(call FIXPATH,$(OBJECTS))
	@echo Cleanup complete!

# Not a target:
src/tests/test5_several_types.o:
#  Implicit rule search has been done.
#  Last modified 2021-12-28 14:59:57.545396809
#  File has been updated.
#  Successfully updated.

# Not a target:
src/tests/pure_coro_test.o:
#  Implicit rule search has been done.
#  Last modified 2021-12-28 14:59:57.48939742
#  File has been updated.
#  Successfully updated.

# Not a target:
src/tests/test4_MQTT.o:
#  Implicit rule search has been done.
#  Last modified 2021-12-28 14:59:57.53339694
#  File has been updated.
#  Successfully updated.

main: src/dummy_MQTT.o src/executor.o src/scheduler.o src/processor.o src/main.o src/tboard.o src/sequencer.o src/timer.o src/history.o src/tests/pure_coro_test.o src/tests/test1_mutliple_task_types.o src/tests/test2_Collatz.o src/tests/test6_blocking_tasks.o src/tests/test4_MQTT.o src/tests/test3_smalltasks.o src/tests/test5_several_types.o src/queue/queue.o
#  Implicit rule search has not been done.
#  Implicit/static pattern stem: ''
#  File does not exist.
#  File has been updated.
#  Needs to be updated (-q is set).
# automatic
# @ := main
# automatic
# % := 
# automatic
# * := 
# automatic
# + := src/dummy_MQTT.o src/executor.o src/scheduler.o src/processor.o src/main.o src/tboard.o src/sequencer.o src/timer.o src/history.o src/tests/pure_coro_test.o src/tests/test1_mutliple_task_types.o src/tests/test2_Collatz.o src/tests/test6_blocking_tasks.o src/tests/test4_MQTT.o src/tests/test3_smalltasks.o src/tests/test5_several_types.o src/queue/queue.o
# automatic
# | := 
# automatic
# < := src/dummy_MQTT.o
# automatic
# ^ := src/dummy_MQTT.o src/executor.o src/scheduler.o src/processor.o src/main.o src/tboard.o src/sequencer.o src/timer.o src/history.o src/tests/pure_coro_test.o src/tests/test1_mutliple_task_types.o src/tests/test2_Collatz.o src/tests/test6_blocking_tasks.o src/tests/test4_MQTT.o src/tests/test3_smalltasks.o src/tests/test5_several_types.o src/queue/queue.o
# automatic
# ? := src/dummy_MQTT.o src/executor.o src/scheduler.o src/processor.o src/main.o src/tboard.o src/sequencer.o src/timer.o src/history.o src/tests/pure_coro_test.o src/tests/test1_mutliple_task_types.o src/tests/test2_Collatz.o src/tests/test6_blocking_tasks.o src/tests/test4_MQTT.o src/tests/test3_smalltasks.o src/tests/test5_several_types.o src/queue/queue.o
# variable set hash-table stats:
# Load=8/32=25%, Rehash=0, Collisions=2/18=11%
#  recipe to execute (from 'Makefile', line 74):
	$(CC) $(CFLAGS) $(INCLUDES) -o $(OUTPUTMAIN) $(OBJECTS) $(LFLAGS) $(LIBS)

output:
#  Implicit rule search has not been done.
#  Last modified 2021-12-28 14:59:57.577396461
#  File has been updated.
#  Successfully updated.
#  recipe to execute (from 'Makefile', line 71):
	$(MD) $(OUTPUT)

# Not a target:
src/timer.o:
#  Implicit rule search has been done.
#  Last modified 2021-12-28 14:59:57.453397813
#  File has been updated.
#  Successfully updated.

# files hash-table stats:
# Load=27/1024=3%, Rehash=0, Collisions=0/63=0%
# VPATH Search Paths

# No 'vpath' search paths.

# No general ('VPATH' variable) search path.
 

# strcache buffers: 1 (0) / strings = 87 / storage = 1136 B / avg = 13 B
# current buf: size = 8162 B / used = 1136 B / count = 87 / avg = 13 B

# strcache performance: lookups = 112 / hit rate = 22%
# hash-table stats:
# Load=87/8192=1%, Rehash=0, Collisions=4/112=4%
# Finished Make data base on Tue Dec 28 15:00:05 2021

 
